<?xml version="1.0" encoding="UTF-8"?>
<testsuite xmlns:xsi="http://www.w3.org/2001/XMLSchema-instance" xsi:noNamespaceSchemaLocation="https://maven.apache.org/surefire/maven-surefire-plugin/xsd/surefire-test-report.xsd" name="com.mushroom.springboot.SpringbootApplicationTests" time="1.686" tests="1" errors="0" skipped="0" failures="0">
  <properties>
    <property name="sun.desktop" value="windows"/>
    <property name="awt.toolkit" value="sun.awt.windows.WToolkit"/>
    <property name="file.encoding.pkg" value="sun.io"/>
    <property name="java.specification.version" value="1.8"/>
    <property name="sun.cpu.isalist" value="amd64"/>
    <property name="sun.jnu.encoding" value="GBK"/>
    <property name="java.class.path" value="C:\ideaProject\mgcloud\springboot\target\test-classes;C:\ideaProject\mgcloud\springboot\target\classes;C:\Java\OpenSource\MyRepository\org\springframework\boot\spring-boot-starter-web\2.1.6.RELEASE\spring-boot-starter-web-2.1.6.RELEASE.jar;C:\Java\OpenSource\MyRepository\org\springframework\boot\spring-boot-starter\2.1.6.RELEASE\spring-boot-starter-2.1.6.RELEASE.jar;C:\Java\OpenSource\MyRepository\org\springframework\boot\spring-boot\2.1.6.RELEASE\spring-boot-2.1.6.RELEASE.jar;C:\Java\OpenSource\MyRepository\org\springframework\boot\spring-boot-autoconfigure\2.1.6.RELEASE\spring-boot-autoconfigure-2.1.6.RELEASE.jar;C:\Java\OpenSource\MyRepository\org\springframework\boot\spring-boot-starter-logging\2.1.6.RELEASE\spring-boot-starter-logging-2.1.6.RELEASE.jar;C:\Java\OpenSource\MyRepository\ch\qos\logback\logback-classic\1.2.3\logback-classic-1.2.3.jar;C:\Java\OpenSource\MyRepository\ch\qos\logback\logback-core\1.2.3\logback-core-1.2.3.jar;C:\Java\OpenSource\MyRepository\org\apache\logging\log4j\log4j-to-slf4j\2.11.2\log4j-to-slf4j-2.11.2.jar;C:\Java\OpenSource\MyRepository\org\apache\logging\log4j\log4j-api\2.11.2\log4j-api-2.11.2.jar;C:\Java\OpenSource\MyRepository\org\slf4j\jul-to-slf4j\1.7.26\jul-to-slf4j-1.7.26.jar;C:\Java\OpenSource\MyRepository\javax\annotation\javax.annotation-api\1.3.2\javax.annotation-api-1.3.2.jar;C:\Java\OpenSource\MyRepository\org\yaml\snakeyaml\1.23\snakeyaml-1.23.jar;C:\Java\OpenSource\MyRepository\org\springframework\boot\spring-boot-starter-json\2.1.6.RELEASE\spring-boot-starter-json-2.1.6.RELEASE.jar;C:\Java\OpenSource\MyRepository\com\fasterxml\jackson\core\jackson-databind\2.9.9\jackson-databind-2.9.9.jar;C:\Java\OpenSource\MyRepository\com\fasterxml\jackson\core\jackson-annotations\2.9.0\jackson-annotations-2.9.0.jar;C:\Java\OpenSource\MyRepository\com\fasterxml\jackson\core\jackson-core\2.9.9\jackson-core-2.9.9.jar;C:\Java\OpenSource\MyRepository\com\fasterxml\jackson\datatype\jackson-datatype-jdk8\2.9.9\jackson-datatype-jdk8-2.9.9.jar;C:\Java\OpenSource\MyRepository\com\fasterxml\jackson\datatype\jackson-datatype-jsr310\2.9.9\jackson-datatype-jsr310-2.9.9.jar;C:\Java\OpenSource\MyRepository\com\fasterxml\jackson\module\jackson-module-parameter-names\2.9.9\jackson-module-parameter-names-2.9.9.jar;C:\Java\OpenSource\MyRepository\org\hibernate\validator\hibernate-validator\6.0.17.Final\hibernate-validator-6.0.17.Final.jar;C:\Java\OpenSource\MyRepository\javax\validation\validation-api\2.0.1.Final\validation-api-2.0.1.Final.jar;C:\Java\OpenSource\MyRepository\org\jboss\logging\jboss-logging\3.3.2.Final\jboss-logging-3.3.2.Final.jar;C:\Java\OpenSource\MyRepository\com\fasterxml\classmate\1.4.0\classmate-1.4.0.jar;C:\Java\OpenSource\MyRepository\org\springframework\spring-web\5.1.8.RELEASE\spring-web-5.1.8.RELEASE.jar;C:\Java\OpenSource\MyRepository\org\springframework\spring-beans\5.1.8.RELEASE\spring-beans-5.1.8.RELEASE.jar;C:\Java\OpenSource\MyRepository\org\springframework\spring-webmvc\5.1.8.RELEASE\spring-webmvc-5.1.8.RELEASE.jar;C:\Java\OpenSource\MyRepository\org\springframework\spring-aop\5.1.8.RELEASE\spring-aop-5.1.8.RELEASE.jar;C:\Java\OpenSource\MyRepository\org\springframework\spring-context\5.1.8.RELEASE\spring-context-5.1.8.RELEASE.jar;C:\Java\OpenSource\MyRepository\org\springframework\spring-expression\5.1.8.RELEASE\spring-expression-5.1.8.RELEASE.jar;C:\Java\OpenSource\MyRepository\org\springframework\boot\spring-boot-starter-jetty\2.1.6.RELEASE\spring-boot-starter-jetty-2.1.6.RELEASE.jar;C:\Java\OpenSource\MyRepository\org\eclipse\jetty\jetty-servlets\9.4.19.v20190610\jetty-servlets-9.4.19.v20190610.jar;C:\Java\OpenSource\MyRepository\org\eclipse\jetty\jetty-continuation\9.4.19.v20190610\jetty-continuation-9.4.19.v20190610.jar;C:\Java\OpenSource\MyRepository\org\eclipse\jetty\jetty-http\9.4.19.v20190610\jetty-http-9.4.19.v20190610.jar;C:\Java\OpenSource\MyRepository\org\eclipse\jetty\jetty-util\9.4.19.v20190610\jetty-util-9.4.19.v20190610.jar;C:\Java\OpenSource\MyRepository\org\eclipse\jetty\jetty-io\9.4.19.v20190610\jetty-io-9.4.19.v20190610.jar;C:\Java\OpenSource\MyRepository\org\eclipse\jetty\jetty-webapp\9.4.19.v20190610\jetty-webapp-9.4.19.v20190610.jar;C:\Java\OpenSource\MyRepository\org\eclipse\jetty\jetty-xml\9.4.19.v20190610\jetty-xml-9.4.19.v20190610.jar;C:\Java\OpenSource\MyRepository\org\eclipse\jetty\jetty-servlet\9.4.19.v20190610\jetty-servlet-9.4.19.v20190610.jar;C:\Java\OpenSource\MyRepository\org\eclipse\jetty\jetty-security\9.4.19.v20190610\jetty-security-9.4.19.v20190610.jar;C:\Java\OpenSource\MyRepository\org\eclipse\jetty\jetty-server\9.4.19.v20190610\jetty-server-9.4.19.v20190610.jar;C:\Java\OpenSource\MyRepository\org\eclipse\jetty\websocket\websocket-server\9.4.19.v20190610\websocket-server-9.4.19.v20190610.jar;C:\Java\OpenSource\MyRepository\org\eclipse\jetty\websocket\websocket-common\9.4.19.v20190610\websocket-common-9.4.19.v20190610.jar;C:\Java\OpenSource\MyRepository\org\eclipse\jetty\websocket\websocket-api\9.4.19.v20190610\websocket-api-9.4.19.v20190610.jar;C:\Java\OpenSource\MyRepository\org\eclipse\jetty\websocket\websocket-client\9.4.19.v20190610\websocket-client-9.4.19.v20190610.jar;C:\Java\OpenSource\MyRepository\org\eclipse\jetty\jetty-client\9.4.19.v20190610\jetty-client-9.4.19.v20190610.jar;C:\Java\OpenSource\MyRepository\org\eclipse\jetty\websocket\websocket-servlet\9.4.19.v20190610\websocket-servlet-9.4.19.v20190610.jar;C:\Java\OpenSource\MyRepository\javax\servlet\javax.servlet-api\4.0.1\javax.servlet-api-4.0.1.jar;C:\Java\OpenSource\MyRepository\org\eclipse\jetty\websocket\javax-websocket-server-impl\9.4.19.v20190610\javax-websocket-server-impl-9.4.19.v20190610.jar;C:\Java\OpenSource\MyRepository\org\eclipse\jetty\jetty-annotations\9.4.19.v20190610\jetty-annotations-9.4.19.v20190610.jar;C:\Java\OpenSource\MyRepository\org\eclipse\jetty\jetty-plus\9.4.19.v20190610\jetty-plus-9.4.19.v20190610.jar;C:\Java\OpenSource\MyRepository\org\ow2\asm\asm\7.1\asm-7.1.jar;C:\Java\OpenSource\MyRepository\org\ow2\asm\asm-commons\7.1\asm-commons-7.1.jar;C:\Java\OpenSource\MyRepository\org\ow2\asm\asm-tree\7.1\asm-tree-7.1.jar;C:\Java\OpenSource\MyRepository\org\ow2\asm\asm-analysis\7.1\asm-analysis-7.1.jar;C:\Java\OpenSource\MyRepository\org\eclipse\jetty\websocket\javax-websocket-client-impl\9.4.19.v20190610\javax-websocket-client-impl-9.4.19.v20190610.jar;C:\Java\OpenSource\MyRepository\javax\websocket\javax.websocket-api\1.1\javax.websocket-api-1.1.jar;C:\Java\OpenSource\MyRepository\org\mortbay\jasper\apache-el\8.5.40\apache-el-8.5.40.jar;C:\Java\OpenSource\MyRepository\org\springframework\boot\spring-boot-starter-test\2.1.6.RELEASE\spring-boot-starter-test-2.1.6.RELEASE.jar;C:\Java\OpenSource\MyRepository\org\springframework\boot\spring-boot-test\2.1.6.RELEASE\spring-boot-test-2.1.6.RELEASE.jar;C:\Java\OpenSource\MyRepository\org\springframework\boot\spring-boot-test-autoconfigure\2.1.6.RELEASE\spring-boot-test-autoconfigure-2.1.6.RELEASE.jar;C:\Java\OpenSource\MyRepository\com\jayway\jsonpath\json-path\2.4.0\json-path-2.4.0.jar;C:\Java\OpenSource\MyRepository\net\minidev\json-smart\2.3\json-smart-2.3.jar;C:\Java\OpenSource\MyRepository\net\minidev\accessors-smart\1.2\accessors-smart-1.2.jar;C:\Java\OpenSource\MyRepository\org\slf4j\slf4j-api\1.7.26\slf4j-api-1.7.26.jar;C:\Java\OpenSource\MyRepository\junit\junit\4.12\junit-4.12.jar;C:\Java\OpenSource\MyRepository\org\assertj\assertj-core\3.11.1\assertj-core-3.11.1.jar;C:\Java\OpenSource\MyRepository\org\mockito\mockito-core\2.23.4\mockito-core-2.23.4.jar;C:\Java\OpenSource\MyRepository\net\bytebuddy\byte-buddy\1.9.13\byte-buddy-1.9.13.jar;C:\Java\OpenSource\MyRepository\net\bytebuddy\byte-buddy-agent\1.9.13\byte-buddy-agent-1.9.13.jar;C:\Java\OpenSource\MyRepository\org\objenesis\objenesis\2.6\objenesis-2.6.jar;C:\Java\OpenSource\MyRepository\org\hamcrest\hamcrest-core\1.3\hamcrest-core-1.3.jar;C:\Java\OpenSource\MyRepository\org\hamcrest\hamcrest-library\1.3\hamcrest-library-1.3.jar;C:\Java\OpenSource\MyRepository\org\skyscreamer\jsonassert\1.5.0\jsonassert-1.5.0.jar;C:\Java\OpenSource\MyRepository\com\vaadin\external\google\android-json\0.0.20131108.vaadin1\android-json-0.0.20131108.vaadin1.jar;C:\Java\OpenSource\MyRepository\org\springframework\spring-core\5.1.8.RELEASE\spring-core-5.1.8.RELEASE.jar;C:\Java\OpenSource\MyRepository\org\springframework\spring-jcl\5.1.8.RELEASE\spring-jcl-5.1.8.RELEASE.jar;C:\Java\OpenSource\MyRepository\org\springframework\spring-test\5.1.8.RELEASE\spring-test-5.1.8.RELEASE.jar;C:\Java\OpenSource\MyRepository\org\xmlunit\xmlunit-core\2.6.2\xmlunit-core-2.6.2.jar;"/>
    <property name="java.vm.vendor" value="Oracle Corporation"/>
    <property name="sun.arch.data.model" value="64"/>
    <property name="user.variant" value=""/>
    <property name="java.vendor.url" value="http://java.oracle.com/"/>
    <property name="user.timezone" value="Asia/Shanghai"/>
    <property name="java.vm.specification.version" value="1.8"/>
    <property name="os.name" value="Windows 10"/>
    <property name="user.country" value="CN"/>
    <property name="sun.java.launcher" value="SUN_STANDARD"/>
    <property name="sun.boot.library.path" value="C:\Java\OpenSource\JDK_8u121\jre\bin"/>
    <property name="sun.java.command" value="C:\Users\mushroom\AppData\Local\Temp\surefire4002360685403147810\surefirebooter5534476303368359960.jar C:\Users\mushroom\AppData\Local\Temp\surefire4002360685403147810 2020-02-23T15-55-26_202-jvmRun1 surefire9216039694321825858tmp surefire_03348743912021618517tmp"/>
    <property name="surefire.test.class.path" value="C:\ideaProject\mgcloud\springboot\target\test-classes;C:\ideaProject\mgcloud\springboot\target\classes;C:\Java\OpenSource\MyRepository\org\springframework\boot\spring-boot-starter-web\2.1.6.RELEASE\spring-boot-starter-web-2.1.6.RELEASE.jar;C:\Java\OpenSource\MyRepository\org\springframework\boot\spring-boot-starter\2.1.6.RELEASE\spring-boot-starter-2.1.6.RELEASE.jar;C:\Java\OpenSource\MyRepository\org\springframework\boot\spring-boot\2.1.6.RELEASE\spring-boot-2.1.6.RELEASE.jar;C:\Java\OpenSource\MyRepository\org\springframework\boot\spring-boot-autoconfigure\2.1.6.RELEASE\spring-boot-autoconfigure-2.1.6.RELEASE.jar;C:\Java\OpenSource\MyRepository\org\springframework\boot\spring-boot-starter-logging\2.1.6.RELEASE\spring-boot-starter-logging-2.1.6.RELEASE.jar;C:\Java\OpenSource\MyRepository\ch\qos\logback\logback-classic\1.2.3\logback-classic-1.2.3.jar;C:\Java\OpenSource\MyRepository\ch\qos\logback\logback-core\1.2.3\logback-core-1.2.3.jar;C:\Java\OpenSource\MyRepository\org\apache\logging\log4j\log4j-to-slf4j\2.11.2\log4j-to-slf4j-2.11.2.jar;C:\Java\OpenSource\MyRepository\org\apache\logging\log4j\log4j-api\2.11.2\log4j-api-2.11.2.jar;C:\Java\OpenSource\MyRepository\org\slf4j\jul-to-slf4j\1.7.26\jul-to-slf4j-1.7.26.jar;C:\Java\OpenSource\MyRepository\javax\annotation\javax.annotation-api\1.3.2\javax.annotation-api-1.3.2.jar;C:\Java\OpenSource\MyRepository\org\yaml\snakeyaml\1.23\snakeyaml-1.23.jar;C:\Java\OpenSource\MyRepository\org\springframework\boot\spring-boot-starter-json\2.1.6.RELEASE\spring-boot-starter-json-2.1.6.RELEASE.jar;C:\Java\OpenSource\MyRepository\com\fasterxml\jackson\core\jackson-databind\2.9.9\jackson-databind-2.9.9.jar;C:\Java\OpenSource\MyRepository\com\fasterxml\jackson\core\jackson-annotations\2.9.0\jackson-annotations-2.9.0.jar;C:\Java\OpenSource\MyRepository\com\fasterxml\jackson\core\jackson-core\2.9.9\jackson-core-2.9.9.jar;C:\Java\OpenSource\MyRepository\com\fasterxml\jackson\datatype\jackson-datatype-jdk8\2.9.9\jackson-datatype-jdk8-2.9.9.jar;C:\Java\OpenSource\MyRepository\com\fasterxml\jackson\datatype\jackson-datatype-jsr310\2.9.9\jackson-datatype-jsr310-2.9.9.jar;C:\Java\OpenSource\MyRepository\com\fasterxml\jackson\module\jackson-module-parameter-names\2.9.9\jackson-module-parameter-names-2.9.9.jar;C:\Java\OpenSource\MyRepository\org\hibernate\validator\hibernate-validator\6.0.17.Final\hibernate-validator-6.0.17.Final.jar;C:\Java\OpenSource\MyRepository\javax\validation\validation-api\2.0.1.Final\validation-api-2.0.1.Final.jar;C:\Java\OpenSource\MyRepository\org\jboss\logging\jboss-logging\3.3.2.Final\jboss-logging-3.3.2.Final.jar;C:\Java\OpenSource\MyRepository\com\fasterxml\classmate\1.4.0\classmate-1.4.0.jar;C:\Java\OpenSource\MyRepository\org\springframework\spring-web\5.1.8.RELEASE\spring-web-5.1.8.RELEASE.jar;C:\Java\OpenSource\MyRepository\org\springframework\spring-beans\5.1.8.RELEASE\spring-beans-5.1.8.RELEASE.jar;C:\Java\OpenSource\MyRepository\org\springframework\spring-webmvc\5.1.8.RELEASE\spring-webmvc-5.1.8.RELEASE.jar;C:\Java\OpenSource\MyRepository\org\springframework\spring-aop\5.1.8.RELEASE\spring-aop-5.1.8.RELEASE.jar;C:\Java\OpenSource\MyRepository\org\springframework\spring-context\5.1.8.RELEASE\spring-context-5.1.8.RELEASE.jar;C:\Java\OpenSource\MyRepository\org\springframework\spring-expression\5.1.8.RELEASE\spring-expression-5.1.8.RELEASE.jar;C:\Java\OpenSource\MyRepository\org\springframework\boot\spring-boot-starter-jetty\2.1.6.RELEASE\spring-boot-starter-jetty-2.1.6.RELEASE.jar;C:\Java\OpenSource\MyRepository\org\eclipse\jetty\jetty-servlets\9.4.19.v20190610\jetty-servlets-9.4.19.v20190610.jar;C:\Java\OpenSource\MyRepository\org\eclipse\jetty\jetty-continuation\9.4.19.v20190610\jetty-continuation-9.4.19.v20190610.jar;C:\Java\OpenSource\MyRepository\org\eclipse\jetty\jetty-http\9.4.19.v20190610\jetty-http-9.4.19.v20190610.jar;C:\Java\OpenSource\MyRepository\org\eclipse\jetty\jetty-util\9.4.19.v20190610\jetty-util-9.4.19.v20190610.jar;C:\Java\OpenSource\MyRepository\org\eclipse\jetty\jetty-io\9.4.19.v20190610\jetty-io-9.4.19.v20190610.jar;C:\Java\OpenSource\MyRepository\org\eclipse\jetty\jetty-webapp\9.4.19.v20190610\jetty-webapp-9.4.19.v20190610.jar;C:\Java\OpenSource\MyRepository\org\eclipse\jetty\jetty-xml\9.4.19.v20190610\jetty-xml-9.4.19.v20190610.jar;C:\Java\OpenSource\MyRepository\org\eclipse\jetty\jetty-servlet\9.4.19.v20190610\jetty-servlet-9.4.19.v20190610.jar;C:\Java\OpenSource\MyRepository\org\eclipse\jetty\jetty-security\9.4.19.v20190610\jetty-security-9.4.19.v20190610.jar;C:\Java\OpenSource\MyRepository\org\eclipse\jetty\jetty-server\9.4.19.v20190610\jetty-server-9.4.19.v20190610.jar;C:\Java\OpenSource\MyRepository\org\eclipse\jetty\websocket\websocket-server\9.4.19.v20190610\websocket-server-9.4.19.v20190610.jar;C:\Java\OpenSource\MyRepository\org\eclipse\jetty\websocket\websocket-common\9.4.19.v20190610\websocket-common-9.4.19.v20190610.jar;C:\Java\OpenSource\MyRepository\org\eclipse\jetty\websocket\websocket-api\9.4.19.v20190610\websocket-api-9.4.19.v20190610.jar;C:\Java\OpenSource\MyRepository\org\eclipse\jetty\websocket\websocket-client\9.4.19.v20190610\websocket-client-9.4.19.v20190610.jar;C:\Java\OpenSource\MyRepository\org\eclipse\jetty\jetty-client\9.4.19.v20190610\jetty-client-9.4.19.v20190610.jar;C:\Java\OpenSource\MyRepository\org\eclipse\jetty\websocket\websocket-servlet\9.4.19.v20190610\websocket-servlet-9.4.19.v20190610.jar;C:\Java\OpenSource\MyRepository\javax\servlet\javax.servlet-api\4.0.1\javax.servlet-api-4.0.1.jar;C:\Java\OpenSource\MyRepository\org\eclipse\jetty\websocket\javax-websocket-server-impl\9.4.19.v20190610\javax-websocket-server-impl-9.4.19.v20190610.jar;C:\Java\OpenSource\MyRepository\org\eclipse\jetty\jetty-annotations\9.4.19.v20190610\jetty-annotations-9.4.19.v20190610.jar;C:\Java\OpenSource\MyRepository\org\eclipse\jetty\jetty-plus\9.4.19.v20190610\jetty-plus-9.4.19.v20190610.jar;C:\Java\OpenSource\MyRepository\org\ow2\asm\asm\7.1\asm-7.1.jar;C:\Java\OpenSource\MyRepository\org\ow2\asm\asm-commons\7.1\asm-commons-7.1.jar;C:\Java\OpenSource\MyRepository\org\ow2\asm\asm-tree\7.1\asm-tree-7.1.jar;C:\Java\OpenSource\MyRepository\org\ow2\asm\asm-analysis\7.1\asm-analysis-7.1.jar;C:\Java\OpenSource\MyRepository\org\eclipse\jetty\websocket\javax-websocket-client-impl\9.4.19.v20190610\javax-websocket-client-impl-9.4.19.v20190610.jar;C:\Java\OpenSource\MyRepository\javax\websocket\javax.websocket-api\1.1\javax.websocket-api-1.1.jar;C:\Java\OpenSource\MyRepository\org\mortbay\jasper\apache-el\8.5.40\apache-el-8.5.40.jar;C:\Java\OpenSource\MyRepository\org\springframework\boot\spring-boot-starter-test\2.1.6.RELEASE\spring-boot-starter-test-2.1.6.RELEASE.jar;C:\Java\OpenSource\MyRepository\org\springframework\boot\spring-boot-test\2.1.6.RELEASE\spring-boot-test-2.1.6.RELEASE.jar;C:\Java\OpenSource\MyRepository\org\springframework\boot\spring-boot-test-autoconfigure\2.1.6.RELEASE\spring-boot-test-autoconfigure-2.1.6.RELEASE.jar;C:\Java\OpenSource\MyRepository\com\jayway\jsonpath\json-path\2.4.0\json-path-2.4.0.jar;C:\Java\OpenSource\MyRepository\net\minidev\json-smart\2.3\json-smart-2.3.jar;C:\Java\OpenSource\MyRepository\net\minidev\accessors-smart\1.2\accessors-smart-1.2.jar;C:\Java\OpenSource\MyRepository\org\slf4j\slf4j-api\1.7.26\slf4j-api-1.7.26.jar;C:\Java\OpenSource\MyRepository\junit\junit\4.12\junit-4.12.jar;C:\Java\OpenSource\MyRepository\org\assertj\assertj-core\3.11.1\assertj-core-3.11.1.jar;C:\Java\OpenSource\MyRepository\org\mockito\mockito-core\2.23.4\mockito-core-2.23.4.jar;C:\Java\OpenSource\MyRepository\net\bytebuddy\byte-buddy\1.9.13\byte-buddy-1.9.13.jar;C:\Java\OpenSource\MyRepository\net\bytebuddy\byte-buddy-agent\1.9.13\byte-buddy-agent-1.9.13.jar;C:\Java\OpenSource\MyRepository\org\objenesis\objenesis\2.6\objenesis-2.6.jar;C:\Java\OpenSource\MyRepository\org\hamcrest\hamcrest-core\1.3\hamcrest-core-1.3.jar;C:\Java\OpenSource\MyRepository\org\hamcrest\hamcrest-library\1.3\hamcrest-library-1.3.jar;C:\Java\OpenSource\MyRepository\org\skyscreamer\jsonassert\1.5.0\jsonassert-1.5.0.jar;C:\Java\OpenSource\MyRepository\com\vaadin\external\google\android-json\0.0.20131108.vaadin1\android-json-0.0.20131108.vaadin1.jar;C:\Java\OpenSource\MyRepository\org\springframework\spring-core\5.1.8.RELEASE\spring-core-5.1.8.RELEASE.jar;C:\Java\OpenSource\MyRepository\org\springframework\spring-jcl\5.1.8.RELEASE\spring-jcl-5.1.8.RELEASE.jar;C:\Java\OpenSource\MyRepository\org\springframework\spring-test\5.1.8.RELEASE\spring-test-5.1.8.RELEASE.jar;C:\Java\OpenSource\MyRepository\org\xmlunit\xmlunit-core\2.6.2\xmlunit-core-2.6.2.jar;"/>
    <property name="sun.cpu.endian" value="little"/>
    <property name="user.home" value="C:\Users\mushroom"/>
    <property name="user.language" value="zh"/>
    <property name="java.specification.vendor" value="Oracle Corporation"/>
    <property name="java.home" value="C:\Java\OpenSource\JDK_8u121\jre"/>
    <property name="basedir" value="C:\ideaProject\mgcloud\springboot"/>
    <property name="file.separator" value="\"/>
    <property name="line.separator" value="&#10;"/>
    <property name="java.vm.specification.vendor" value="Oracle Corporation"/>
    <property name="java.specification.name" value="Java Platform API Specification"/>
    <property name="java.awt.graphicsenv" value="sun.awt.Win32GraphicsEnvironment"/>
    <property name="surefire.real.class.path" value="C:\Users\mushroom\AppData\Local\Temp\surefire4002360685403147810\surefirebooter5534476303368359960.jar"/>
    <property name="sun.boot.class.path" value="C:\Java\OpenSource\JDK_8u121\jre\lib\resources.jar;C:\Java\OpenSource\JDK_8u121\jre\lib\rt.jar;C:\Java\OpenSource\JDK_8u121\jre\lib\sunrsasign.jar;C:\Java\OpenSource\JDK_8u121\jre\lib\jsse.jar;C:\Java\OpenSource\JDK_8u121\jre\lib\jce.jar;C:\Java\OpenSource\JDK_8u121\jre\lib\charsets.jar;C:\Java\OpenSource\JDK_8u121\jre\lib\jfr.jar;C:\Java\OpenSource\JDK_8u121\jre\classes"/>
    <property name="user.script" value=""/>
    <property name="sun.management.compiler" value="HotSpot 64-Bit Tiered Compilers"/>
    <property name="java.runtime.version" value="1.8.0_121-b13"/>
    <property name="user.name" value="mushroom"/>
    <property name="path.separator" value=";"/>
    <property name="os.version" value="10.0"/>
    <property name="java.endorsed.dirs" value="C:\Java\OpenSource\JDK_8u121\jre\lib\endorsed"/>
    <property name="java.runtime.name" value="Java(TM) SE Runtime Environment"/>
    <property name="file.encoding" value="GBK"/>
    <property name="java.vm.name" value="Java HotSpot(TM) 64-Bit Server VM"/>
    <property name="localRepository" value="C:\Java\OpenSource\MyRepository"/>
    <property name="java.vendor.url.bug" value="http://bugreport.sun.com/bugreport/"/>
    <property name="java.io.tmpdir" value="C:\Users\mushroom\AppData\Local\Temp\"/>
    <property name="java.version" value="1.8.0_121"/>
    <property name="user.dir" value="C:\ideaProject\mgcloud\springboot"/>
    <property name="os.arch" value="amd64"/>
    <property name="java.vm.specification.name" value="Java Virtual Machine Specification"/>
    <property name="java.awt.printerjob" value="sun.awt.windows.WPrinterJob"/>
    <property name="sun.os.patch.level" value=""/>
    <property name="java.library.path" value="C:\Java\OpenSource\JDK_8u121\jre\bin;C:\Windows\Sun\Java\bin;C:\Windows\system32;C:\Windows;C:\Program Files (x86)\NVIDIA Corporation\PhysX\Common;C:\Windows\system32;C:\Windows;C:\Windows\System32\Wbem;C:\Windows\System32\WindowsPowerShell\v1.0\;C:\Windows\System32\OpenSSH\;C:\Program Files\MySQL\MySQL Utilities 1.6\;C:\Program Files\Git\cmd;C:\Users\mushroom\AppData\Local\Android\Sdk\platform-tools;C:\Users\mushroom\AppData\Local\Microsoft\WindowsApps;C:\Java\OpenSource\JDK_8u121\bin;C:\Java\OpenSource\apache-maven-3.5.2\bin;C:\Program Files\MySQL\MySQL Server 5.7\bin;C:\Users\mushroom\AppData\Local\Android\Sdk\platform-tools;;."/>
    <property name="java.vm.info" value="mixed mode"/>
    <property name="java.vendor" value="Oracle Corporation"/>
    <property name="java.vm.version" value="25.121-b13"/>
    <property name="java.ext.dirs" value="C:\Java\OpenSource\JDK_8u121\jre\lib\ext;C:\Windows\Sun\Java\lib\ext"/>
    <property name="sun.io.unicode.encoding" value="UnicodeLittle"/>
    <property name="java.class.version" value="52.0"/>
  </properties>
  <testcase name="contextLoads" classname="com.mushroom.springboot.SpringbootApplicationTests" time="0.116"/>
</testsuite>